<?xml version="1.0" encoding="UTF-8"?>
<!-- Generated by org.testng.reporters.JUnitXMLReporter -->
<testsuite ignored="0" hostname="DESKTOP-NEBEJ5A" failures="3" tests="6" name="saucedemo" time="33.993" errors="0" timestamp="26 Aug 2024 20:28:11 GMT">
  <testcase classname="MyTests.demoTest" name="sauceTest" time="1.211"/>
  <testcase classname="MyTests.demoTest" name="sauceTest" time="0.309">
    <failure type="java.lang.AssertionError" message="expected [https://www.saucedemo.com/inventory.html] but found [https://www.saucedemo.com/]">
      <![CDATA[java.lang.AssertionError: expected [https://www.saucedemo.com/inventory.html] but found [https://www.saucedemo.com/]
at MyTests.demoTest.sauceTest(demoTest.java:59)
at com.intellij.rt.testng.IDEARemoteTestNG.run(IDEARemoteTestNG.java:66)
at com.intellij.rt.testng.RemoteTestNGStarter.main(RemoteTestNGStarter.java:110)
... Removed 28 stack frames]]>
    </failure>
  </testcase> <!-- sauceTest -->
  <testcase classname="MyTests.demoTest" name="sauceTest" time="1.081">
    <failure type="java.lang.AssertionError" message="expected [https://www.saucedemo.com/checkout-step-two.html] but found [https://www.saucedemo.com/checkout-step-one.html]">
      <![CDATA[java.lang.AssertionError: expected [https://www.saucedemo.com/checkout-step-two.html] but found [https://www.saucedemo.com/checkout-step-one.html]
at MyTests.demoTest.sauceTest(demoTest.java:80)
at com.intellij.rt.testng.IDEARemoteTestNG.run(IDEARemoteTestNG.java:66)
at com.intellij.rt.testng.RemoteTestNGStarter.main(RemoteTestNGStarter.java:110)
... Removed 28 stack frames]]>
    </failure>
  </testcase> <!-- sauceTest -->
  <testcase classname="MyTests.demoTest" name="sauceTest" time="6.14"/>
  <testcase classname="MyTests.demoTest" name="sauceTest" time="1.183">
    <failure type="java.lang.AssertionError" message="expected [https://www.saucedemo.com/checkout-complete.html] but found [https://www.saucedemo.com/checkout-step-two.html]">
      <![CDATA[java.lang.AssertionError: expected [https://www.saucedemo.com/checkout-complete.html] but found [https://www.saucedemo.com/checkout-step-two.html]
at MyTests.demoTest.sauceTest(demoTest.java:84)
at com.intellij.rt.testng.IDEARemoteTestNG.run(IDEARemoteTestNG.java:66)
at com.intellij.rt.testng.RemoteTestNGStarter.main(RemoteTestNGStarter.java:110)
... Removed 28 stack frames]]>
    </failure>
  </testcase> <!-- sauceTest -->
  <testcase classname="MyTests.demoTest" name="sauceTest" time="1.202"/>
</testsuite> <!-- saucedemo -->
